[2025-11-20 00:40:04.195701] โ ุชู ุฅูุดุงุก ูุฌูุฏ ุงูุจูุงูุงุช: C:\mawared\mawared_data
[2025-11-20 00:40:04.196645] ๐ ุจุฏุก ุชุดุบูู ุชุทุจูู ููุงุฑุฏ ุจูุฌุงุญ - ุงูุฌุฏููุฉ ูุชูููุฉ ุจุงูุชุธุงุฑ ุงูุชูุนูู
[2025-11-20 00:40:04.196995] ๐ง ุฅุนุฏุงุฏ ุฅุฏุงุฑุฉ ุงูุชููู: ููุนู
[2025-11-20 00:40:04.197545] ๐ ูุฌูุฏ ุงูุจูุงูุงุช: C:\mawared\mawared_data
[2025-11-20 00:40:04.197778] ๐ ุงูุชุดุบูู ุนูู ุงููููุฐ: 10000
[2025-11-28 18:30:03] โ ุชู ุฅูุดุงุก ูุฌูุฏ ุงูุจูุงูุงุช: C:\mawared12\mawared_data
[2025-11-28 18:30:03] โ ุชู ุชุญููู ุงูุฅุตุฏุงุฑ 3.6.0 - ูุชูุงูู ูุน ุชุทุจูู ููุงุฑุฏ
[2025-11-28 18:30:03] ๐ง ุฅุนุฏุงุฏุงุช ุงูุฅุตุฏุงุฑ: AppVersion=3.6.0, Platform=IOS, ApiCode=C6252BF3-A5F9-4209-8691-15E1B02A9911
[2025-11-28 18:30:03] ๐ง User-Agent: Mawared/5.1.0 (sa.gov.moh; build:1; iOS 17.0.0) Alamofire/5.6.4
[2025-11-28 18:30:03] ๐ง ูุณุงุฑ ููู .env: C:\mawared12\.env
[2025-11-28 18:30:03] ๐ง ูุฌูุฏ ููู .env: True
[2025-11-28 18:30:03] ๐ ูุญุต ุตุญุฉ ุงูุชููู ุนูุฏ ุจุฏุก ุงูุชุดุบูู...
[2025-11-28 18:30:03] โ ุงูุชููู ุงูุฑุฆูุณู ุบูุฑ ูุชููุฑุ ุฌุงุฑู ูุญุงููุฉ ุงูุงุณุชุนุงุฏุฉ...
[2025-11-28 18:30:03] ๐ ูุญุงููุฉ ุงุณุชุนุงุฏุฉ ุงูุชููู ูู ุงููุตุงุฏุฑ ุงูุจุฏููุฉ...
[2025-11-28 18:30:03] โ ูุดู ุฌููุน ูุญุงููุงุช ุงุณุชุนุงุฏุฉ ุงูุชููู
[2025-11-28 18:30:03] ๐จ ูุญุต ุงูุตุญุฉ: ุงูุชููู ููููุฏ ุฃู ุบูุฑ ุตุงูุญ!
[2025-11-28 18:30:03] โ๏ธ ุฅุนุฏุงุฏุงุช ุชููุฌุฑุงู ุบูุฑ ููุชููุฉ
[2025-11-28 18:30:03] โ ุชู ุชููุฆุฉ ุงูุฌุฏููุฉ ุจูุฌุงุญ
[2025-11-28 18:30:03] โ ุชู ุญูุธ ุงูุจูุงูุงุช ูู C:\mawared12\mawared_data\auto.json
[2025-11-28 18:30:03] ๐ ุจุฏุก ุชุดุบูู ุชุทุจูู ููุงุฑุฏ ุจูุฌุงุญ - ุงููุณุฎุฉ ุงููุญุณูุฉ ูุน ุงูุฅุตุฏุงุฑ 5.1.0
[2025-11-28 18:30:03] ๐ง ุฅุนุฏุงุฏ ุฅุฏุงุฑุฉ ุงูุชููู: ููุนู
[2025-11-28 18:30:03] ๐ ูุฌูุฏ ุงูุจูุงูุงุช: C:\mawared12\mawared_data
[2025-11-28 18:30:03] ๐ ุงูุชุดุบูู ุนูู ุงููููุฐ: 10000
